C51 COMPILER V9.60.7.0   MAIN                                                              08/24/2023 19:44:55 PAGE 1   


C51 COMPILER V9.60.7.0, COMPILATION OF MODULE MAIN
OBJECT MODULE PLACED IN .\Objects\main.obj
COMPILER INVOKED BY: C:\Software\Keil\C51\BIN\C51.EXE main.c OPTIMIZE(8,SPEED) BROWSE DEBUG OBJECTEXTEND PRINT(.\Listing
                    -s\main.lst) TABS(2) OBJECT(.\Objects\main.obj)

line level    source

   1          #include <REG52.H>
   2          /* 
   3            实验目的：
   4            LED灯闪烁，大致一秒钟间隔
   5            22.12.19
   6          
   7          */
   8          
   9          //typedef可以将一些复杂的关键字重命名
  10          typedef unsigned char u8; //0-255，1字节
  11          typedef unsigned int u16; //0-65535，2字节
  12          
  13          
  14          void main(){
  15   1        //申明延时函数
  16   1        void delay(u16 msec);
  17   1        while(1){
  18   2          P2 = 0xfe; // 1111 1110
  19   2          delay(50000); //软件仿真大约450ms
  20   2          P2 = 0xff; // 1111 1111
  21   2          delay(50000); 
  22   2        }
  23   1      }
  24          
  25          //延时函数 大致10微秒
  26          void delay(u16 msec){
  27   1        while(msec--);
  28   1      }
  29          


MODULE INFORMATION:   STATIC OVERLAYABLE
   CODE SIZE        =     33    ----
   CONSTANT SIZE    =   ----    ----
   XDATA SIZE       =   ----    ----
   PDATA SIZE       =   ----    ----
   DATA SIZE        =   ----    ----
   IDATA SIZE       =   ----    ----
   BIT SIZE         =   ----    ----
END OF MODULE INFORMATION.


C51 COMPILATION COMPLETE.  0 WARNING(S),  0 ERROR(S)
