C51 COMPILER V9.60.7.0   MAIN                                                              08/24/2023 19:45:57 PAGE 1   


C51 COMPILER V9.60.7.0, COMPILATION OF MODULE MAIN
OBJECT MODULE PLACED IN .\Objects\main.obj
COMPILER INVOKED BY: C:\Software\Keil\C51\BIN\C51.EXE main.c OPTIMIZE(8,SPEED) BROWSE DEBUG OBJECTEXTEND PRINT(.\Listing
                    -s\main.lst) TABS(2) OBJECT(.\Objects\main.obj)

line level    source

   1          #include <REGX52.H>
   2          
   3          
   4          typedef unsigned char u8;
   5          typedef unsigned int u16;
   6          
   7          void delay(u16 t){
   8   1        while(t--);
   9   1      }
  10          
  11          void main(){
  12   1        
  13   1        while(1){
  14   2          u8 i;
  15   2          P2 = 0xfe; //1111 1110
  16   2          delay(50000);
  17   2          for(i=0;i<8;i++){
  18   3            P2 <<= 1; //×óÒÆÒ»Î»
  19   3            delay(50000); //ÑÓÊ±450ms
  20   3          }
  21   2        }
  22   1      }


MODULE INFORMATION:   STATIC OVERLAYABLE
   CODE SIZE        =     48    ----
   CONSTANT SIZE    =   ----    ----
   XDATA SIZE       =   ----    ----
   PDATA SIZE       =   ----    ----
   DATA SIZE        =   ----       1
   IDATA SIZE       =   ----    ----
   BIT SIZE         =   ----    ----
END OF MODULE INFORMATION.


C51 COMPILATION COMPLETE.  0 WARNING(S),  0 ERROR(S)
