C51 COMPILER V9.60.7.0   MAIN                                                              08/24/2023 19:49:35 PAGE 1   


C51 COMPILER V9.60.7.0, COMPILATION OF MODULE MAIN
OBJECT MODULE PLACED IN .\Objects\main.obj
COMPILER INVOKED BY: C:\Software\Keil\C51\BIN\C51.EXE main.c OPTIMIZE(8,SPEED) BROWSE DEBUG OBJECTEXTEND PRINT(.\Listing
                    -s\main.lst) TABS(2) OBJECT(.\Objects\main.obj)

line level    source

   1          #include <REGX52.H>
   2          
   3          /** 
   4           **  @brief    点亮LED
   5           **  @author   QIU
   6           **  @data     2023.08.24
   7           **/
   8          
   9          /*-------------------------------------------------------------------*/
  10          
  11          // 法一：定义P2口需要控制的位，并赋值电平
  12          // 在位定义时，^代表的是位的位置，而不是异或运算符
  13          // P2引脚在头文件中已定义
  14          // sbit声明的部分是编译器预处理的部分，是在函数没有编译之前必须完成的，所
             -以应写在main函数外。
  15          sbit LED_2 = P2^1; //D2灯
  16          
  17          void main(){
  18   1        // 法二：直接定义整个P2口的电平
  19   1        P2 = 0xfe; // 1111 1110 D1灯
  20   1        
  21   1        // 赋值低电平
  22   1        LED_2 = 0;
  23   1        
  24   1        while(1); // 使程序在这里死循环。否则会反复进入并执行main函数
  25   1      }


MODULE INFORMATION:   STATIC OVERLAYABLE
   CODE SIZE        =      7    ----
   CONSTANT SIZE    =   ----    ----
   XDATA SIZE       =   ----    ----
   PDATA SIZE       =   ----    ----
   DATA SIZE        =   ----    ----
   IDATA SIZE       =   ----    ----
   BIT SIZE         =   ----    ----
END OF MODULE INFORMATION.


C51 COMPILATION COMPLETE.  0 WARNING(S),  0 ERROR(S)
