C51 COMPILER V9.60.7.0   MAIN                                                              08/24/2023 19:53:59 PAGE 1   


C51 COMPILER V9.60.7.0, COMPILATION OF MODULE MAIN
OBJECT MODULE PLACED IN .\Objects\main.obj
COMPILER INVOKED BY: C:\Software\Keil\C51\BIN\C51.EXE main.c OPTIMIZE(8,SPEED) BROWSE DEBUG OBJECTEXTEND PRINT(.\Listing
                    -s\main.lst) TABS(2) OBJECT(.\Objects\main.obj)

line level    source

   1          #include <REG52.H>
   2          #include <INTRINS.H> // 定义了移位函数
   3          
   4          #define DELAY_TIME 20000 // 设置流水灯时间间隔
   5          
   6          typedef unsigned char u8;
   7          typedef unsigned int u16;
   8          
   9          void delay(u16 sec){
  10   1        while(sec--);
  11   1      }
  12          
  13          /*
  14          //法一：列举法，流水灯一共8种状态。
  15          void ledTest_1(){
  16            P2 = 0xfe; // 1111 1110
  17            delay(DELAY_TIME);
  18            P2 = 0xfd; // 1111 1101
  19            delay(DELAY_TIME);
  20            P2 = 0xfb; // 1111 1011
  21            delay(DELAY_TIME);
  22            P2 = 0xf7; // 1111 0111
  23            delay(DELAY_TIME);
  24            P2 = 0xef; // 1110 1111
  25            delay(DELAY_TIME);
  26            P2 = 0xdf; // 1101 1111
  27            delay(DELAY_TIME);
  28            P2 = 0xbf; // 1011 1111
  29            delay(DELAY_TIME);
  30            P2 = 0x7f; // 0111 1111
  31            delay(DELAY_TIME);
  32          }
  33          */
  34          
  35          /*
  36          //法二：使用左移和取反运算，配合循环实现
  37          void ledTest_2(){
  38            int i;
  39            for(i=0;i<8;i++){
  40              P2 = ~(0x01<<i); //将1左移i位后补0，取反，即第i+1位灯亮
  41              delay(50000); //延迟450ms
  42            }
  43          }
  44          */
  45          
  46          //法三：使用左移函数_crol_()
  47          void ledTest_3(){
  48   1        P2 = _crol_(P2, 1);  //左移1位（跟左移运算符不同，高位循环补至低位）
  49   1        delay(50000); //延迟450ms
  50   1      }
  51          
  52          
  53          
  54          void main(){
C51 COMPILER V9.60.7.0   MAIN                                                              08/24/2023 19:53:59 PAGE 2   

  55   1        
  56   1        //法三：先初始化P2
  57   1        P2 = 0xfe;
  58   1        delay(50000); //延迟450ms
  59   1        
  60   1        while(1){
  61   2          //ledTest_1();
  62   2          //ledTest_2();
  63   2          ledTest_3();
  64   2        }
  65   1      }


MODULE INFORMATION:   STATIC OVERLAYABLE
   CODE SIZE        =     46    ----
   CONSTANT SIZE    =   ----    ----
   XDATA SIZE       =   ----    ----
   PDATA SIZE       =   ----    ----
   DATA SIZE        =   ----    ----
   IDATA SIZE       =   ----    ----
   BIT SIZE         =   ----    ----
END OF MODULE INFORMATION.


C51 COMPILATION COMPLETE.  0 WARNING(S),  0 ERROR(S)
