C51 COMPILER V9.60.7.0   MAIN                                                              08/23/2023 20:26:40 PAGE 1   


C51 COMPILER V9.60.7.0, COMPILATION OF MODULE MAIN
OBJECT MODULE PLACED IN .\Objects\main.obj
COMPILER INVOKED BY: C:\Software\Keil\C51\BIN\C51.EXE main.c OPTIMIZE(8,SPEED) BROWSE DEBUG OBJECTEXTEND PRINT(.\Listing
                    -s\main.lst) TABS(2) OBJECT(.\Objects\main.obj)

line level    source

   1          #include "led.h"
   2          /** 
   3           **  @brief    仅提供一个demo
   4           **  @author   QIU
   5           **  @data     2023.08.23
   6           **/
   7           
   8          
   9          void main(){
  10   1        // 点亮一颗LED
  11   1        //led_on(2); 
  12   1        while(1){
  13   2      
  14   2          // 流水灯
  15   2          //led_stream(50000);  
  16   2          
  17   2          // 跑马灯
  18   2          led_run(50000);  
  19   2        }
  20   1      }


MODULE INFORMATION:   STATIC OVERLAYABLE
   CODE SIZE        =      9    ----
   CONSTANT SIZE    =   ----    ----
   XDATA SIZE       =   ----    ----
   PDATA SIZE       =   ----    ----
   DATA SIZE        =   ----    ----
   IDATA SIZE       =   ----    ----
   BIT SIZE         =   ----    ----
END OF MODULE INFORMATION.


C51 COMPILATION COMPLETE.  0 WARNING(S),  0 ERROR(S)
